1624523066539	geckodriver	INFO	Listening on 127.0.0.1:64342
1624523069556	mozrunner::runner	INFO	Running command: "C:\\Program Files\\Firefox Developer Edition\\firefox.exe" "--marionette" "-foreground" "-no-remote" "-profile" "C:\\Users\\trendy\\AppData\\Local\\Temp\\rust_mozprofile6bwYd3"
1624523070230	Marionette	INFO	Marionette enabled
console.warn: SearchSettings: "get: No settings file exists, new profile?" (new NotFoundError("Could not open the file at C:\\Users\\trendy\\AppData\\Local\\Temp\\rust_mozprofile6bwYd3\\search.json.mozlz4", (void 0)))
1624523075796	Marionette	INFO	Listening on port 52399
1624523076100	Marionette	WARN	TLS certificate errors will be ignored for this session
1624523123013	Marionette	INFO	Stopped listening on port 52391624523123224	mozrunner::runner	INFO	Running command: "C:\\Program Files\\Firefox Developer Edition\\firefox.exe" "--marionette" "-foreground" "-no-remote" "-profile" "C:\\Users\\trendy\\AppData\\Local\\Temp\\rust_mozprofileZ8FRUf"
1624523124268	Marionette	INFO	Marionette enabled
console.warn: SearchSettings: "get: No settings file exists, new profile?" (new NotFoundError("Could not open the file at C:\\Users\\trendy\\AppData\\Local\\Temp\\rust_mozprofileZ8FRUf\\search.json.mozlz4", (void 0)))
1624523129547	Marionette	INFO	Listening on port 57125
1624523129601	Marionette	WARN	TLS certificate errors will be ignored for this session
1624523260229	Marionette	INFO	Stopped listening on port 57125

###!!! [Child][RunMessage] Error: Channel closing: too late to send/recv, messages will be lost

efox.exe" "--marionette" "-foreground" "-no-remote" "-profile" "C:\\Users\\trendy\\AppData\\Local\\Temp\\rust_mozprofilegR23r6"
1624523175134	Marionette	INFO	Marionette enabled
console.warn: SearchSettings: "get: No settings file exists, new profile?" (new NotFoundError("Could not open the file at C:\\Users\\trendy\\AppData\\Local\\Temp\\rust_mozprofilegR23r6\\search.json.mozlz4", (void 0)))
1624523180492	Marionette	INFO	Listening on port 61066
1624523180562	Marionette	WARN	TLS certificate errors will be ignored for this session
1624523258914	Marionette	INFO	Stopped listening on port 61066

###!!! [Child][RunMessage] Error: Channel closing: too late to send/recv, messages will be lost

1624523262310	geckodriver	INFO	Listening on 127.0.0.1:50146
1624523265357	mozrunner::runner	INFO	Running command: "C:\\Program Files\\Firefox Developer Edition\\firefox.exe" "--marionette" "-foreground" "-no-remote" "-profile" "C:\\Users\\trendy\\AppData\\Local\\Temp\\rust_mozprofileenB91g"
1624523266407	Marionette	INFO	Marionette enabled
console.warn: SearchSettings: "get: No settings file exists, new profile?" (new NotFoundError("Could not open the file at C:\\Users\\trendy\\AppData\\Local\\Temp\\rust_mozprofileenB91g\\search.json.mozlz4", (void 0)))
1624523271620	Marionette	INFO	Listening on port 64957
1624523271732	Marionette	WARN	TLS certificate errors will be ignored for this session
1624524895115	Marionette	INFO	Stopped listening on port 64957

###!!! [Child][RunMessage] Error: Channel closing: too late to send/recv, messages will be lost

1624527009053	geckodriver	INFO	Listening on 127.0.0.1:60592
1624527012071	mozrunner::runner	INFO	Running command: "C:\\Program Files\\Firefox Developer Edition\\firefox.exe" "--marionette" "-foreground" "-no-remote" "-profile" "C:\\Users\\trendy\\AppData\\Local\\Temp\\rust_mozprofileOQITPb"
1624527013005	Marionette	INFO	Marionette enabled
console.warn: SearchSettings: "get: No settings file exists, new profile?" (new NotFoundError("Could not open the file at C:\\Users\\trendy\\AppData\\Local\\Temp\\rust_mozprofileOQITPb\\search.json.mozlz4", (void 0)))
1624527018337	Marionette	INFO	Listening on port 56519
1624527018444	Marionette	WARN	TLS certificate errors will be ignored for this session
Marionette threw an error: TypeError: can't access property "getActor", browsingContextFn().currentWindowGlobal is null
getMarionetteCommandsActorProxy/get/<@chrome://marionette/content/actors/MarionetteCommandsParent.jsm:327:29

1624527045566	Marionette	INFO	Stopped listening on port 56519
1624527075890	geckodriver	INFO	Listening on 127.0.0.1:65053
1624527078905	mozrunner::runner	INFO	Running command: "C:\\Program Files\\Firefox Developer Edition\\firefox.exe" "--marionette" "-foreground" "-no-remote" "-profile" "C:\\Users\\trendy\\AppData\\Local\\Temp\\rust_mozprofileox1f1H"
1624527079859	Marionette	INFO	Marionette enabled
console.warn: SearchSettings: "get: No settings file exists, new profile?" (new NotFoundError("Could not open the file at C:\\Users\\trendy\\AppData\\Local\\Temp\\rust_mozprofileox1f1H\\search.json.mozlz4", (void 0)))
1624527085169	Marionette	INFO	Listening on port 59193
1624527085296	Marionette	WARN	TLS certificate errors will be ignored for this session
1624527386031	Marionette	INFO	Stopped listening on port 59193
1624527650429	geckodriver	INFO	Listening on 127.0.0.1:59097
1624527653451	mozrunner::runner	INFO	Running command: "C:\\Program Files\\Firefox Developer Edition\\firefox.exe" "--marionette" "-foreground" "-no-remote" "-profile" "C:\\Users\\trendy\\AppData\\Local\\Temp\\rust_mozprofileenYga8"
1624527654629	Marionette	INFO	Marionette enabled
console.warn: SearchSettings: "get: No settings file exists, new profile?" (new NotFoundError("Could not open the file at C:\\Users\\trendy\\AppData\\Local\\Temp\\rust_mozprofileenYga8\\search.json.mozlz4", (void 0)))
1624527659984	Marionette	INFO	Listening on port 59105
1624527661032	Marionette	WARN	TLS certificate errors will be ignored for this session
1624582675629	Marionette	INFO	Stopped listening on port 59105

###!!! [Child][RunMessage] Error: Channel closing: too late to send/recv, messages will be lost

1624590130081	geckodriver	INFO	Listening on 127.0.0.1:64762
1624590133097	mozrunner::runner	INFO	Running command: "C:\\Program Files\\Firefox Developer Edition\\firefox.exe" "--marionette" "-foreground" "-no-remote" "-profile" "C:\\Users\\trendy\\AppData\\Local\\Temp\\rust_mozprofilefqzfCu"
1624590133989	Marionette	INFO	Marionette enabled
console.warn: SearchSettings: "get: No settings file exists, new profile?" (new NotFoundError("Could not open the file at C:\\Users\\trendy\\AppData\\Local\\Temp\\rust_mozprofilefqzfCu\\search.json.mozlz4", (void 0)))
1624590140372	Marionette	INFO	Listening on port 64770
1624590140457	Marionette	WARN	TLS certificate errors will be ignored for this session
1624590202614	Marionette	INFO	Stopped listening on port 64771624590204035	mozrunner::runner	INFO	Running command: "C:\\Program Files\\Firefox Developer Edition\\firefox.exe" "--marionette" "-foreground" "-no-remote" "-profile" "C:\\Users\\trendy\\AppData\\Local\\Temp\\rust_mozprofilelpPqbj"
1624590204703	Marionette	INFO	Marionette enabled
console.warn: SearchSettings: "get: No settings file exists, new profile?" (new NotFoundError("Could not open the file at C:\\Users\\trendy\\AppData\\Local\\Temp\\rust_mozprofilelpPqbj\\search.json.mozlz4", (void 0)))
1624590209483	Marionette	INFO	Listening on port 65172
1624590209782	Marionette	WARN	TLS certificate errors will be ignored for this session
Marionette threw an error: TypeError: can't access property "getActor", browsingContextFn().currentWindowGlobal is null
getMarionetteCommandsActorProxy/get/<@chrome://marionette/content/actors/MarionetteCommandsParent.jsm:327:29

1624590235681	Marionette	INFO	Stopped listening on port 65172

###!!! [Child][RunMessage] Error: Channel closing: too late to send/recv, messages will be lost

1624590243425	geckodriver	INFO	Listening on 127.0.0.1:52170
1624590246515	mozrunner::runner	INFO	Running command: "C:\\Program Files\\Firefox Developer Edition\\firefox.exe" "--marionette" "-foreground" "-no-remote" "-profile" "C:\\Users\\trendy\\AppData\\Local\\Temp\\rust_mozprofilejgZes4"
1624590247418	Marionette	INFO	Marionette enabled
console.warn: SearchSettings: "get: No settings file exists, new profile?" (new NotFoundError("Could not open the file at C:\\Users\\trendy\\AppData\\Local\\Temp\\rust_mozprofilejgZes4\\search.json.mozlz4", (void 0)))
1624590252592	Marionette	INFO	Listening on port 52179
1624590252790	Marionette	WARN	TLS certificate errors will be ignored for this session
1624590374489	Marionette	INFO	Stopped listening on port 52171624590376131	mozrunner::runner	INFO	Running command: "C:\\Program Files\\Firefox Developer Edition\\firefox.exe" "--marionette" "-foreground" "-no-remote" "-profile" "C:\\Users\\trendy\\AppData\\Local\\Temp\\rust_mozprofilexFfmFp"
1624590376763	Marionette	INFO	Marionette enabled
console.warn: SearchSettings: "get: No settings file exists, new profile?" (new NotFoundError("Could not open the file at C:\\Users\\trendy\\AppData\\Local\\Temp\\rust_mozprofilexFfmFp\\search.json.mozlz4", (void 0)))
1624590381619	Marionette	INFO	Listening on port 64771
1624590381890	Marionette	WARN	TLS certificate errors will be ignored for this session
1624590459054	Marionette	INFO	Stopped listening on port 64771624590459374	mozrunner::runner	INFO	Running command: "C:\\Program Files\\Firefox Developer Edition\\firefox.exe" "--marionette" "-foreground" "-no-remote" "-profile" "C:\\Users\\trendy\\AppData\\Local\\Temp\\rust_mozprofilen3ySol"
1624590460019	Marionette	INFO	Marionette enabled
console.warn: SearchSettings: "get: No settings file exists, new profile?" (new NotFoundError("Could not open the file at C:\\Users\\trendy\\AppData\\Local\\Temp\\rust_mozprofilen3ySol\\search.json.mozlz4", (void 0)))
1624590465359	Marionette	INFO	Listening on port 64774
1624590466516	Marionette	WARN	TLS certificate errors will be ignored for this session
[Parent 12040, IPC I/O Parent] WARNING: file /builds/worker/checkouts/gecko/ipc/chromium/src/base/process_util_win.cc:167
1624590840547	Marionette	INFO	Stopped listening on port 64774

###!!! [Child][RunMessage] Error: Channel closing: too late to send/recv, messages will be lost

1624607504620	geckodriver	INFO	Listening on 127.0.0.1:51031
1624607507656	mozrunner::runner	INFO	Running command: "C:\\Program Files\\Firefox Developer Edition\\firefox.exe" "--marionette" "-foreground" "-no-remote" "-profile" "C:\\Users\\trendy\\AppData\\Local\\Temp\\rust_mozprofileOuMGv9"
1624607508790	Marionette	INFO	Marionette enabled
console.warn: SearchSettings: "get: No settings file exists, new profile?" (new NotFoundError("Could not open the file at C:\\Users\\trendy\\AppData\\Local\\Temp\\rust_mozprofileOuMGv9\\search.json.mozlz4", (void 0)))
JavaScript error: resource://activity-stream/lib/ActivityStreamPrefs.jsm, line 27: NS_ERROR_ILLEGAL_VALUE: Component returned failure code: 0x80070057 (NS_ERROR_ILLEGAL_VALUE) [nsIPrefBranch.removeObserver]
console.error: Region.jsm: "Error fetching region" (new TypeError("NetworkError when attempting to fetch resource.", ""))
console.error: Region.jsm: "Failed to fetch region" (new Error("NO_RESULT", "resource://gre/modules/Region.jsm", 419))
console.log: "RemoteSettingsWorker error: Error: Can't import when we've started shutting down."
JavaScript error: resource://activity-stream/lib/PlacesFeed.jsm, line 167: NS_ERROR_UNEXPECTED: Component returned failure code: 0x8000ffff (NS_ERROR_UNEXPECTED) [nsINavBookmarksService.addObserver]
JavaScript error: resource://gre/modules/ExtensionSettingsStore.jsm, line 122: Error: The ExtensionSettingsStore was accessed before the initialize promise resolved.
console.log: "RemoteSettingsWorker error: Error: Can't import when we've started shutting down."
console.log: "RemoteSettingsWorker error: Error: Can't import when we've started shutting down."
console.error: "Could not load engine google@search.mozilla.org: [Exception... \"AddonManager is not initialized\"  nsresult: \"0xc1f30001 (NS_ERROR_NOT_INITIALIZED)\"  location: \"JS frame :: resource://gre/modules/AddonManager.jsm :: installBuiltinAddon :: line 2536\"  data: no]"
console.error: "Could not load engine amazondotcom@search.mozilla.org: [Exception... \"AddonManager is not initialized\"  nsresult: \"0xc1f30001 (NS_ERROR_NOT_INITIALIZED)\"  location: \"JS frame :: resource://gre/modules/AddonManager.jsm :: installBuiltinAddon :: line 2536\"  data: no]"
console.error: "Could not load engine wikipedia@search.mozilla.org: [Exception... \"AddonManager is not initialized\"  nsresult: \"0xc1f30001 (NS_ERROR_NOT_INITIALIZED)\"  location: \"JS frame :: resource://gre/modules/AddonManager.jsm :: installBuiltinAddon :: line 2536\"  data: no]"
console.error: "Could not load engine bing@search.mozilla.org: [Exception... \"AddonManager is not initialized\"  nsresult: \"0xc1f30001 (NS_ERROR_NOT_INITIALIZED)\"  location: \"JS frame :: resource://gre/modules/AddonManager.jsm :: installBuiltinAddon :: line 2536\"  data: no]"
console.error: "Could not load engine ddg@search.mozilla.org: [Exception... \"AddonManager is not initialized\"  nsresult: \"0xc1f30001 (NS_ERROR_NOT_INITIALIZED)\"  location: \"JS frame :: resource://gre/modules/AddonManager.jsm :: installBuiltinAddon :: line 2536\"  data: no]"
console.warn: SearchService: "_init: abandoning init due to shutting down"
JavaScript error: , line 0: uncaught exception: 2147500036
JavaScript error: , line 0: uncaught exception: 2147500036
JavaScript error: , line 0: uncaught exception: 2147500036
JavaScript error: , line 0: uncaught exception: 2147500036
JavaScript error: , line 0: uncaught exception: 2147500036
JavaScript error: , line 0: AbortError: A request was aborted, for example through a call to IDBTransaction.abort.
1624607570361	geckodriver	INFO	Listening on 127.0.0.1:51182
1624607573381	mozrunner::runner	INFO	Running command: "C:\\Program Files\\Firefox Developer Edition\\firefox.exe" "--marionette" "-foreground" "-no-remote" "-profile" "C:\\Users\\trendy\\AppData\\Local\\Temp\\rust_mozprofileGiBJxg"
1624607574306	Marionette	INFO	Marionette enabled
console.warn: SearchSettings: "get: No settings file exists, new profile?" (new NotFoundError("Could not open the file at C:\\Users\\trendy\\AppData\\Local\\Temp\\rust_mozprofileGiBJxg\\search.json.mozlz4", (void 0)))
1624607579188	Marionette	INFO	Listening on port 51191
1624607579632	Marionette	WARN	TLS certificate errors will be ignored for this session
JavaScript error: resource://gre/modules/XULStore.jsm, line 66: Error: Can't find profile directory.
JavaScript error: resource://gre/modules/XULStore.jsm, line 66: Error: Can't find profile directory.
1624607597401	Marionette	INFO	Stopped listening on port 51191
JavaScript error: resource://gre/modules/AsyncShutdown.jsm, line 718: Error: Phase "Sqlite.jsm: wait until all connections are closed" is finished, it is too late to register completion condition "protections.sqlite#0: waiting for shutdown"
1624607697177	geckodriver	INFO	Listening on 127.0.0.1:49207
1624607700205	mozrunner::runner	INFO	Running command: "C:\\Program Files\\Firefox Developer Edition\\firefox.exe" "--marionette" "-foreground" "-no-remote" "-profile" "C:\\Users\\trendy\\AppData\\Local\\Temp\\rust_mozprofileoTsZJ5"
1624607701119	Marionette	INFO	Marionette enabled
console.warn: SearchSettings: "get: No settings file exists, new profile?" (new NotFoundError("Could not open the file at C:\\Users\\trendy\\AppData\\Local\\Temp\\rust_mozprofileoTsZJ5\\search.json.mozlz4", (void 0)))
1624607706553	Marionette	INFO	Listening on port 49215
1624607707065	Marionette	WARN	TLS certificate errors will be ignored for this session
JavaScript error: resource://gre/modules/XULStore.jsm, line 66: Error: Can't find profile directory.
JavaScript error: resource://gre/modules/XULStore.jsm, line 66: Error: Can't find profile directory.
1624607726014	Marionette	INFO	Stopped listening on port 49215
1624608001087	geckodriver	INFO	Listening on 127.0.0.1:59298
1624608004125	mozrunner::runner	INFO	Running command: "C:\\Program Files\\Firefox Developer Edition\\firefox.exe" "--marionette" "-foreground" "-no-remote" "-profile" "C:\\Users\\trendy\\AppData\\Local\\Temp\\rust_mozprofilehyRqsg"
1624608005071	Marionette	INFO	Marionette enabled
console.warn: SearchSettings: "get: No settings file exists, new profile?" (new NotFoundError("Could not open the file at C:\\Users\\trendy\\AppData\\Local\\Temp\\rust_mozprofilehyRqsg\\search.json.mozlz4", (void 0)))
1624608010742	Marionette	INFO	Listening on port 59307
1624608010975	Marionette	WARN	TLS certificate errors will be ignored for this session
JavaScript error: resource://gre/modules/XULStore.jsm, line 66: Error: Can't find profile directory.
JavaScript error: resource://gre/modules/XULStore.jsm, line 66: Error: Can't find profile directory.
1624608042767	Marionette	INFO	Stopped listening on port 59307

###!!! [Child][RunMessage] Error: Channel closing: too late to send/recv, messages will be lost

1624608333451	geckodriver	INFO	Listening on 127.0.0.1:55156
1624608336477	mozrunner::runner	INFO	Running command: "C:\\Program Files\\Firefox Developer Edition\\firefox.exe" "--marionette" "-foreground" "-no-remote" "-profile" "C:\\Users\\trendy\\AppData\\Local\\Temp\\rust_mozprofileK0pzvb"
1624608337384	Marionette	INFO	Marionette enabled
console.warn: SearchSettings: "get: No settings file exists, new profile?" (new NotFoundError("Could not open the file at C:\\Users\\trendy\\AppData\\Local\\Temp\\rust_mozprofileK0pzvb\\search.json.mozlz4", (void 0)))
1624608342978	Marionette	INFO	Listening on port 54322
1624608343530	Marionette	WARN	TLS certificate errors will be ignored for this session
JavaScript error: resource://gre/modules/XULStore.jsm, line 66: Error: Can't find profile directory.
JavaScript error: resource://gre/modules/XULStore.jsm, line 66: Error: Can't find profile directory.
1624608371847	Marionette	INFO	Stopped listening on port 54322
1624608462315	geckodriver	INFO	Listening on 127.0.0.1:56932
1624608465336	mozrunner::runner	INFO	Running command: "C:\\Program Files\\Firefox Developer Edition\\firefox.exe" "--marionette" "-foreground" "-no-remote" "-profile" "C:\\Users\\trendy\\AppData\\Local\\Temp\\rust_mozprofiler9jXAa"
1624608466217	Marionette	INFO	Marionette enabled
console.warn: SearchSettings: "get: No settings file exists, new profile?" (new NotFoundError("Could not open the file at C:\\Users\\trendy\\AppData\\Local\\Temp\\rust_mozprofiler9jXAa\\search.json.mozlz4", (void 0)))
1624608471671	Marionette	INFO	Listening on port 56940
1624608472247	Marionette	WARN	TLS certificate errors will be ignored for this session
JavaScript error: resource://gre/modules/XULStore.jsm, line 66: Error: Can't find profile directory.
JavaScript error: resource://gre/modules/XULStore.jsm, line 66: Error: Can't find profile directory.
1624608489908	Marionette	INFO	Stopped listening on port 56940
1624608669283	geckodriver	INFO	Listening on 127.0.0.1:52053
1624608672312	mozrunner::runner	INFO	Running command: "C:\\Program Files\\Firefox Developer Edition\\firefox.exe" "--marionette" "-foreground" "-no-remote" "-profile" "C:\\Users\\trendy\\AppData\\Local\\Temp\\rust_mozprofilesDQHTO"
1624608673258	Marionette	INFO	Marionette enabled
console.warn: SearchSettings: "get: No settings file exists, new profile?" (new NotFoundError("Could not open the file at C:\\Users\\trendy\\AppData\\Local\\Temp\\rust_mozprofilesDQHTO\\search.json.mozlz4", (void 0)))
1624608678500	Marionette	INFO	Listening on port 52062
1624608678568	Marionette	WARN	TLS certificate errors will be ignored for this session
JavaScript error: resource://gre/modules/XULStore.jsm, line 66: Error: Can't find profile directory.
JavaScript error: resource://gre/modules/XULStore.jsm, line 66: Error: Can't find profile directory.
1624608699498	Marionette	INFO	Stopped listening on port 52062
1624609136151	geckodriver	INFO	Listening on 127.0.0.1:50370
1624609139178	mozrunner::runner	INFO	Running command: "C:\\Program Files\\Firefox Developer Edition\\firefox.exe" "--marionette" "-foreground" "-no-remote" "-profile" "C:\\Users\\trendy\\AppData\\Local\\Temp\\rust_mozprofiledwvYTN"
1624609140352	Marionette	INFO	Marionette enabled
console.warn: SearchSettings: "get: No settings file exists, new profile?" (new NotFoundError("Could not open the file at C:\\Users\\trendy\\AppData\\Local\\Temp\\rust_mozprofiledwvYTN\\search.json.mozlz4", (void 0)))
1624609145756	Marionette	INFO	Listening on port 57632
1624609146038	Marionette	WARN	TLS certificate errors will be ignored for this session
1624609157584	Marionette	INFO	Stopped listening on port 57632
1624613882345	geckodriver	INFO	Listening on 127.0.0.1:55838
1624613885429	mozrunner::runner	INFO	Running command: "C:\\Program Files\\Firefox Developer Edition\\firefox.exe" "--marionette" "-foreground" "-no-remote" "-profile" "C:\\Users\\trendy\\AppData\\Local\\Temp\\rust_mozprofileOzjPHm"
1624613886538	Marionette	INFO	Marionette enabled
console.warn: SearchSettings: "get: No settings file exists, new profile?" (new NotFoundError("Could not open the file at C:\\Users\\trendy\\AppData\\Local\\Temp\\rust_mozprofileOzjPHm\\search.json.mozlz4", (void 0)))
1624613891787	Marionette	INFO	Listening on port 55846
1624613892288	Marionette	WARN	TLS certificate errors will be ignored for this session
1624613900812	Marionette	INFO	Stopped listening on port 55846
1624613972664	geckodriver	INFO	Listening on 127.0.0.1:54621
1624613975692	mozrunner::runner	INFO	Running command: "C:\\Program Files\\Firefox Developer Edition\\firefox.exe" "--marionette" "-foreground" "-no-remote" "-profile" "C:\\Users\\trendy\\AppData\\Local\\Temp\\rust_mozprofiledvO6NY"
1624613976703	Marionette	INFO	Marionette enabled
console.warn: SearchSettings: "get: No settings file exists, new profile?" (new NotFoundError("Could not open the file at C:\\Users\\trendy\\AppData\\Local\\Temp\\rust_mozprofiledvO6NY\\search.json.mozlz4", (void 0)))
1624613981891	Marionette	INFO	Listening on port 54629
1624613981953	Marionette	WARN	TLS certificate errors will be ignored for this session
A content process crashed and MOZ_CRASHREPORTER_SHUTDOWN is set, shutting down
1624614365439	geckodriver	INFO	Listening on 127.0.0.1:63968
1624614368468	mozrunner::runner	INFO	Running command: "C:\\Program Files\\Firefox Developer Edition\\firefox.exe" "--marionette" "-foreground" "-no-remote" "-profile" "C:\\Users\\trendy\\AppData\\Local\\Temp\\rust_mozprofileFwG8ob"
1624614369379	Marionette	INFO	Marionette enabled
console.warn: SearchSettings: "get: No settings file exists, new profile?" (new NotFoundError("Could not open the file at C:\\Users\\trendy\\AppData\\Local\\Temp\\rust_mozprofileFwG8ob\\search.json.mozlz4", (void 0)))
1624614374555	Marionette	INFO	Listening on port 63976
1624614374732	Marionette	WARN	TLS certificate errors will be ignored for this session
JavaScript error: resource://gre/modules/XULStore.jsm, line 66: Error: Can't find profile directory.
JavaScript error: resource://gre/modules/XULStore.jsm, line 66: Error: Can't find profile directory.
1624614395346	Marionette	INFO	Stopped listening on port 63976

###!!! [Child][RunMessage] Error: Channel closing: too late to send/recv, messages will be lost

1625816569935	geckodriver	INFO	Listening on 127.0.0.1:52980
1625816572948	mozrunner::runner	INFO	Running command: "C:\\Program Files\\Firefox Developer Edition\\firefox.exe" "--marionette" "-foreground" "-no-remote" "-profile" "C:\\Users\\trendy\\AppData\\Local\\Temp\\rust_mozprofiletUlUGS"
1625816686843	geckodriver	INFO	Listening on 127.0.0.1:58897
1625816689864	mozrunner::runner	INFO	Running command: "C:\\Program Files\\Firefox Developer Edition\\firefox.exe" "--marionette" "-foreground" "-no-remote" "-profile" "C:\\Users\\trendy\\AppData\\Local\\Temp\\rust_mozprofileUgMC74"
1625816690750	Marionette	INFO	Marionette enabled
console.warn: SearchSettings: "get: No settings file exists, new profile?" (new NotFoundError("Could not open the file at C:\\Users\\trendy\\AppData\\Local\\Temp\\rust_mozprofileUgMC74\\search.json.mozlz4", (void 0)))
1625816696739	Marionette	INFO	Listening on port 57474
1625816697010	Marionette	WARN	TLS certificate errors will be ignored for this session
1625816728203	geckodriver	INFO	Listening on 127.0.0.1:57011
1625816731275	mozrunner::runner	INFO	Running command: "C:\\Program Files\\Firefox Developer Edition\\firefox.exe" "--marionette" "-foreground" "-no-remote" "-profile" "C:\\Users\\trendy\\AppData\\Local\\Temp\\rust_mozprofile7xHtfe"
1625816732334	Marionette	INFO	Marionette enabled
console.warn: SearchSettings: "get: No settings file exists, new profile?" (new NotFoundError("Could not open the file at C:\\Users\\trendy\\AppData\\Local\\Temp\\rust_mozprofile7xHtfe\\search.json.mozlz4", (void 0)))
1625816742050	Marionette	INFO	Listening on port 59531
1625816742286	Marionette	WARN	TLS certificate errors will be ignored for this session
1625816788757	geckodriver	INFO	Listening on 127.0.0.1:61407
1625816791774	mozrunner::runner	INFO	Running command: "C:\\Program Files\\Firefox Developer Edition\\firefox.exe" "--marionette" "-foreground" "-no-remote" "-profile" "C:\\Users\\trendy\\AppData\\Local\\Temp\\rust_mozprofileCNmDrm"
1625816793196	Marionette	INFO	Marionette enabled
console.warn: SearchSettings: "get: No settings file exists, new profile?" (new NotFoundError("Could not open the file at C:\\Users\\trendy\\AppData\\Local\\Temp\\rust_mozprofileCNmDrm\\search.json.mozlz4", (void 0)))
1625816799526	Marionette	INFO	Listening on port 61431
1625816800054	Marionette	WARN	TLS certificate errors will be ignored for this session
console.error: Region.jsm: "Error fetching region" (new Error("TIMEOUT", "resource://gre/modules/Region.jsm", 772))
console.error: Region.jsm: "Failed to fetch region" (new Error("TIMEOUT", "resource://gre/modules/Region.jsm", 419))
1625816933194	geckodriver	INFO	Listening on 127.0.0.1:64458
1625816936222	mozrunner::runner	INFO	Running command: "C:\\Program Files\\Firefox Developer Edition\\firefox.exe" "--marionette" "-foreground" "-no-remote" "-profile" "C:\\Users\\trendy\\AppData\\Local\\Temp\\rust_mozprofile5gB176"
1625816937043	Marionette	INFO	Marionette enabled
console.warn: SearchSettings: "get: No settings file exists, new profile?" (new NotFoundError("Could not open the file at C:\\Users\\trendy\\AppData\\Local\\Temp\\rust_mozprofile5gB176\\search.json.mozlz4", (void 0)))
1625816942338	Marionette	INFO	Listening on port 53987
1625816942534	Marionette	WARN	TLS certificate errors will be ignored for this session
A content process crashed and MOZ_CRASHREPORTER_SHUTDOWN is set, shutting down

###!!! [Parent][MessageChannel] Error: (msgtype=0x39008D,name=PContent::Msg_FlushTabState) Channel error: cannot send/recv


###!!! [Parent][MessageChannel] Error: (msgtype=0x230001,name=PBrowser::Msg_AsyncMessage) Channel error: cannot send/recv


###!!! [Parent][MessageChannel] Error: (msgtype=0x390146,name=PContent::Msg_AsyncMessage) Channel error: cannot send/recv


###!!! [Parent][MessageChannel] Error: (msgtype=0x390146,name=PContent::Msg_AsyncMessage) Channel error: cannot send/recv


###!!! [Parent][MessageChannel] Error: (msgtype=0x390146,name=PContent::Msg_AsyncMessage) Channel error: cannot send/recv


###!!! [Parent][MessageChannel] Error: (msgtype=0x390146,name=PContent::Msg_AsyncMessage) Channel error: cannot send/recv


###!!! [Parent][MessageChannel] Error: (msgtype=0x390146,name=PContent::Msg_AsyncMessage) Channel error: cannot send/recv


###!!! [Parent][MessageChannel] Error: (msgtype=0x390146,name=PContent::Msg_AsyncMessage) Channel error: cannot send/recv


###!!! [Parent][MessageChannel] Error: (msgtype=0x390146,name=PContent::Msg_AsyncMessage) Channel error: cannot send/recv


###!!! [Parent][MessageChannel] Error: (msgtype=0x390146,name=PContent::Msg_AsyncMessage) Channel error: cannot send/recv


###!!! [Parent][MessageChannel] Error: (msgtype=0x390020,name=PContent::Msg_RegisterChromeItem) Channel error: cannot send/recv


###!!! [Parent][MessageChannel] Error: (msgtype=0x390020,name=PContent::Msg_RegisterChromeItem) Channel error: cannot send/recv


###!!! [Parent][MessageChannel] Error: (msgtype=0x39008D,name=PContent::Msg_FlushTabState) Channel error: cannot send/recv


###!!! [Parent][MessageChannel] Error: (msgtype=0x23009E,name=PBrowser::Msg_Destroy) Channel error: cannot send/recv


###!!! [Parent][MessageChannel] Error: (msgtype=0x390146,name=PContent::Msg_AsyncMessage) Channel error: cannot send/recv


###!!! [Parent][MessageChannel] Error: (msgtype=0x390146,name=PContent::Msg_AsyncMessage) Channel error: cannot send/recv


###!!! [Parent][MessageChannel] Error: (msgtype=0x390146,name=PContent::Msg_AsyncMessage) Channel error: cannot send/recv


###!!! [Parent][MessageChannel] Error: (msgtype=0x390146,name=PContent::Msg_AsyncMessage) Channel error: cannot send/recv


###!!! [Parent][MessageChannel] Error: (msgtype=0x39008D,name=PContent::Msg_FlushTabState) Channel error: cannot send/recv


###!!! [Parent][MessageChannel] Error: (msgtype=0x23009E,name=PBrowser::Msg_Destroy) Channel error: cannot send/recv


###!!! [Parent][MessageChannel] Error: (msgtype=0x390146,name=PContent::Msg_AsyncMessage) Channel error: cannot send/recv


###!!! [Parent][MessageChannel] Error: (msgtype=0x390146,name=PContent::Msg_AsyncMessage) Channel error: cannot send/recv


###!!! [Parent][MessageChannel] Error: (msgtype=0x390146,name=PContent::Msg_AsyncMessage) Channel error: cannot send/recv


###!!! [Parent][MessageChannel] Error: (msgtype=0x390146,name=PContent::Msg_AsyncMessage) Channel error: cannot send/recv


###!!! [Parent][MessageChannel] Error: (msgtype=0x39008D,name=PContent::Msg_FlushTabState) Channel error: cannot send/recv


###!!! [Parent][MessageChannel] Error: (msgtype=0x23009E,name=PBrowser::Msg_Destroy) Channel error: cannot send/recv


###!!! [Parent][MessageChannel] Error: (msgtype=0x390146,name=PContent::Msg_AsyncMessage) Channel error: cannot send/recv


###!!! [Parent][MessageChannel] Error: (msgtype=0x390146,name=PContent::Msg_AsyncMessage) Channel error: cannot send/recv


###!!! [Parent][MessageChannel] Error: (msgtype=0x390146,name=PContent::Msg_AsyncMessage) Channel error: cannot send/recv


###!!! [Parent][MessageChannel] Error: (msgtype=0x390146,name=PContent::Msg_AsyncMessage) Channel error: cannot send/recv


###!!! [Parent][MessageChannel] Error: (msgtype=0x39008D,name=PContent::Msg_FlushTabState) Channel error: cannot send/recv


###!!! [Parent][MessageChannel] Error: (msgtype=0x23009E,name=PBrowser::Msg_Destroy) Channel error: cannot send/recv


###!!! [Parent][MessageChannel] Error: (msgtype=0x390146,name=PContent::Msg_AsyncMessage) Channel error: cannot send/recv


###!!! [Parent][MessageChannel] Error: (msgtype=0x390146,name=PContent::Msg_AsyncMessage) Channel error: cannot send/recv


###!!! [Parent][MessageChannel] Error: (msgtype=0x390146,name=PContent::Msg_AsyncMessage) Channel error: cannot send/recv


###!!! [Parent][MessageChannel] Error: (msgtype=0x390146,name=PContent::Msg_AsyncMessage) Channel error: cannot send/recv


###!!! [Parent][MessageChannel] Error: (msgtype=0x390146,name=PContent::Msg_AsyncMessage) Channel error: cannot send/recv


###!!! [Parent][MessageChannel] Error: (msgtype=0x390146,name=PContent::Msg_AsyncMessage) Channel error: cannot send/recv


###!!! [Parent][MessageChannel] Error: (msgtype=0x390146,name=PContent::Msg_AsyncMessage) Channel error: cannot send/recv


###!!! [Parent][MessageChannel] Error: (msgtype=0x390146,name=PContent::Msg_AsyncMessage) Channel error: cannot send/recv


###!!! [Parent][MessageChannel] Error: (msgtype=0x39008D,name=PContent::Msg_FlushTabState) Channel error: cannot send/recv


###!!! [Parent][MessageChannel] Error: (msgtype=0x23009E,name=PBrowser::Msg_Destroy) Channel error: cannot send/recv


###!!! [Parent][MessageChannel] Error: (msgtype=0x390146,name=PContent::Msg_AsyncMessage) Channel error: cannot send/recv


###!!! [Parent][MessageChannel] Error: (msgtype=0x390146,name=PContent::Msg_AsyncMessage) Channel error: cannot send/recv


###!!! [Parent][MessageChannel] Error: (msgtype=0x390146,name=PContent::Msg_AsyncMessage) Channel error: cannot send/recv


###!!! [Parent][MessageChannel] Error: (msgtype=0x390146,name=PContent::Msg_AsyncMessage) Channel error: cannot send/recv


###!!! [Parent][MessageChannel] Error: (msgtype=0x390146,name=PContent::Msg_AsyncMessage) Channel error: cannot send/recv


###!!! [Parent][MessageChannel] Error: (msgtype=0x390146,name=PContent::Msg_AsyncMessage) Channel error: cannot send/recv


###!!! [Parent][MessageChannel] Error: (msgtype=0x390146,name=PContent::Msg_AsyncMessage) Channel error: cannot send/recv


###!!! [Parent][MessageChannel] Error: (msgtype=0x390146,name=PContent::Msg_AsyncMessage) Channel error: cannot send/recv


###!!! [Parent][MessageChannel] Error: (msgtype=0x390146,name=PContent::Msg_AsyncMessage) Channel error: cannot send/recv


###!!! [Parent][MessageChannel] Error: (msgtype=0x390146,name=PContent::Msg_AsyncMessage) Channel error: cannot send/recv


###!!! [Parent][MessageChannel] Error: (msgtype=0x390146,name=PContent::Msg_AsyncMessage) Channel error: cannot send/recv


###!!! [Parent][MessageChannel] Error: (msgtype=0x390146,name=PContent::Msg_AsyncMessage) Channel error: cannot send/recv


###!!! [Parent][MessageChannel] Error: (msgtype=0x390146,name=PContent::Msg_AsyncMessage) Channel error: cannot send/recv


###!!! [Parent][MessageChannel] Error: (msgtype=0x390146,name=PContent::Msg_AsyncMessage) Channel error: cannot send/recv


###!!! [Parent][MessageChannel] Error: (msgtype=0x390146,name=PContent::Msg_AsyncMessage) Channel error: cannot send/recv


###!!! [Parent][MessageChannel] Error: (msgtype=0x390146,name=PContent::Msg_AsyncMessage) Channel error: cannot send/recv


###!!! [Parent][MessageChannel] Error: (msgtype=0x390146,name=PContent::Msg_AsyncMessage) Channel error: cannot send/recv


###!!! [Parent][MessageChannel] Error: (msgtype=0x390146,name=PContent::Msg_AsyncMessage) Channel error: cannot send/recv


###!!! [Parent][MessageChannel] Error: (msgtype=0x390146,name=PContent::Msg_AsyncMessage) Channel error: cannot send/recv


###!!! [Parent][MessageChannel] Error: (msgtype=0x390146,name=PContent::Msg_AsyncMessage) Channel error: cannot send/recv


###!!! [Parent][MessageChannel] Error: (msgtype=0x390146,name=PContent::Msg_AsyncMessage) Channel error: cannot send/recv


###!!! [Parent][MessageChannel] Error: (msgtype=0x390146,name=PContent::Msg_AsyncMessage) Channel error: cannot send/recv


###!!! [Parent][MessageChannel] Error: (msgtype=0x39003E,name=PContent::Msg_UpdateSharedData) Channel error: cannot send/recv


###!!! [Parent][MessageChannel] Error: (msgtype=0x39003E,name=PContent::Msg_UpdateSharedData) Channel error: cannot send/recv


###!!! [Parent][MessageChannel] Error: (msgtype=0x39003E,name=PContent::Msg_UpdateSharedData) Channel error: cannot send/recv

JavaScript error: resource:///modules/sessionstore/SessionStore.jsm, line 2123: TypeError: subject.QueryInterface is not a function
JavaScript error: resource:///modules/sessionstore/SessionStore.jsm, line 2123: TypeError: subject.QueryInterface is not a function
JavaScript error: resource:///modules/sessionstore/SessionStore.jsm, line 2123: TypeError: subject.QueryInterface is not a function
JavaScript error: resource:///modules/sessionstore/SessionStore.jsm, line 2123: TypeError: subject.QueryInterface is not a function
JavaScript error: resource:///modules/sessionstore/SessionStore.jsm, line 2123: TypeError: subject.QueryInterface is not a function
A content process crashed and MOZ_CRASHREPORTER_SHUTDOWN is set, shutting down

###!!! [Parent][MessageChannel] Error: (msgtype=0x39002B,name=PContent::Msg_PreferenceUpdate) Channel error: cannot send/recv

Marionette threw an error: TypeError: can't access property "getActor", browsingContext.currentWindowGlobal is null
getMarionetteCommandsActorProxy/get/<@chrome://marionette/content/actors/MarionetteCommandsParent.jsm:324:29

JavaScript error: resource:///modules/sessionstore/SessionStore.jsm, line 2123: TypeError: subject.QueryInterface is not a function
1625816990962	geckodriver	INFO	Listening on 127.0.0.1:58628
1625816993981	mozrunner::runner	INFO	Running command: "C:\\Program Files\\Firefox Developer Edition\\firefox.exe" "--marionette" "-foreground" "-no-remote" "-profile" "C:\\Users\\trendy\\AppData\\Local\\Temp\\rust_mozprofilee3xENp"
1625816994906	Marionette	INFO	Marionette enabled
console.warn: SearchSettings: "get: No settings file exists, new profile?" (new NotFoundError("Could not open the file at C:\\Users\\trendy\\AppData\\Local\\Temp\\rust_mozprofilee3xENp\\search.json.mozlz4", (void 0)))
1625816999915	Marionette	INFO	Listening on port 58636
1625817000261	Marionette	WARN	TLS certificate errors will be ignored for this session
1625817009813	Marionette	INFO	Stopped listening on port 58636
1625818310483	geckodriver	INFO	Listening on 127.0.0.1:51416
1625818313509	mozrunner::runner	INFO	Running command: "C:\\Program Files\\Firefox Developer Edition\\firefox.exe" "--marionette" "-foreground" "-no-remote" "-profile" "C:\\Users\\trendy\\AppData\\Local\\Temp\\rust_mozprofileuvCtP1"
1625818314219	Marionette	INFO	Marionette enabled
console.warn: SearchSettings: "get: No settings file exists, new profile?" (new NotFoundError("Could not open the file at C:\\Users\\trendy\\AppData\\Local\\Temp\\rust_mozprofileuvCtP1\\search.json.mozlz4", (void 0)))
1625818319647	Marionette	INFO	Listening on port 51424
1625818319763	Marionette	WARN	TLS certificate errors will be ignored for this session
JavaScript error: resource://gre/modules/XULStore.jsm, line 66: Error: Can't find profile directory.
JavaScript error: resource://gre/modules/XULStore.jsm, line 66: Error: Can't find profile directory.
1625818352551	Marionette	INFO	Stopped listening on port 51424

###!!! [Parent][MessageChannel] Error: (msgtype=0x390079,name=PContent::Msg_DestroyBrowsingContextGroup) Closed channel: cannot send/recv

JavaScript error: resource://gre/modules/Sqlite.jsm, line 1030: Error: Sqlite.jsm has been shutdown. Cannot open connection to: C:\Users\trendy\AppData\Local\Temp\rust_mozprofileuvCtP1\protections.sqlite
1625818418938	geckodriver	INFO	Listening on 127.0.0.1:57004
1625818421967	mozrunner::runner	INFO	Running command: "C:\\Program Files\\Firefox Developer Edition\\firefox.exe" "--marionette" "-foreground" "-no-remote" "-profile" "C:\\Users\\trendy\\AppData\\Local\\Temp\\rust_mozprofile08TKZl"
1625818422586	Marionette	INFO	Marionette enabled
console.warn: SearchSettings: "get: No settings file exists, new profile?" (new NotFoundError("Could not open the file at C:\\Users\\trendy\\AppData\\Local\\Temp\\rust_mozprofile08TKZl\\search.json.mozlz4", (void 0)))
1625818428551	Marionette	INFO	Listening on port 57012
1625818429526	Marionette	WARN	TLS certificate errors will be ignored for this session
1625818461267	geckodriver	INFO	Listening on 127.0.0.1:57416
1625818464298	mozrunner::runner	INFO	Running command: "C:\\Program Files\\Firefox Developer Edition\\firefox.exe" "--marionette" "-foreground" "-no-remote" "-profile" "C:\\Users\\trendy\\AppData\\Local\\Temp\\rust_mozprofileEhjoWK"
1625818464951	Marionette	INFO	Marionette enabled
console.warn: SearchSettings: "get: No settings file exists, new profile?" (new NotFoundError("Could not open the file at C:\\Users\\trendy\\AppData\\Local\\Temp\\rust_mozprofileEhjoWK\\search.json.mozlz4", (void 0)))
1625818470406	Marionette	INFO	Listening on port 57424
1625818470582	Marionette	WARN	TLS certificate errors will be ignored for this session
JavaScript error: resource://gre/modules/XULStore.jsm, line 66: Error: Can't find profile directory.
JavaScript error: resource://gre/modules/XULStore.jsm, line 66: Error: Can't find profile directory.
1625818695723	geckodriver	INFO	Listening on 127.0.0.1:56892
1625818698763	mozrunner::runner	INFO	Running command: "C:\\Program Files\\Firefox Developer Edition\\firefox.exe" "--marionette" "-foreground" "-no-remote" "-profile" "C:\\Users\\trendy\\AppData\\Local\\Temp\\rust_mozprofileX4l2QL"
1625818699477	Marionette	INFO	Marionette enabled
console.warn: SearchSettings: "get: No settings file exists, new profile?" (new NotFoundError("Could not open the file at C:\\Users\\trendy\\AppData\\Local\\Temp\\rust_mozprofileX4l2QL\\search.json.mozlz4", (void 0)))
1625818704801	Marionette	INFO	Listening on port 56900
1625818705024	Marionette	WARN	TLS certificate errors will be ignored for this session
console.error: Region.jsm: "Error fetching region" (new Error("TIMEOUT", "resource://gre/modules/Region.jsm", 772))
console.error: Region.jsm: "Failed to fetch region" (new Error("TIMEOUT", "resource://gre/modules/Region.jsm", 419))

###!!! [Parent][MessageChannel] Error: (msgtype=0x390146,name=PContent::Msg_AsyncMessage) Channel error: cannot send/recv


###!!! [Parent][MessageChannel] Error: (msgtype=0x390146,name=PContent::Msg_AsyncMessage) Channel error: cannot send/recv

A content process crashed and MOZ_CRASHREPORTER_SHUTDOWN is set, shutting down

###!!! [Parent][MessageChannel] Error: (msgtype=0x390146,name=PContent::Msg_AsyncMessage) Channel error: cannot send/recv


###!!! [Parent][MessageChannel] Error: (msgtype=0x390146,name=PContent::Msg_AsyncMessage) Channel error: cannot send/recv


###!!! [Parent][MessageChannel] Error: (msgtype=0x390146,name=PContent::Msg_AsyncMessage) Channel error: cannot send/recv


###!!! [Parent][MessageChannel] Error: (msgtype=0x390020,name=PContent::Msg_RegisterChromeItem) Channel error: cannot send/recv


###!!! [Parent][MessageChannel] Error: (msgtype=0x390146,name=PContent::Msg_AsyncMessage) Channel error: cannot send/recv


###!!! [Parent][MessageChannel] Error: (msgtype=0x390146,name=PContent::Msg_AsyncMessage) Channel error: cannot send/recv


###!!! [Parent][MessageChannel] Error: (msgtype=0x390146,name=PContent::Msg_AsyncMessage) Channel error: cannot send/recv


###!!! [Parent][MessageChannel] Error: (msgtype=0x390146,name=PContent::Msg_AsyncMessage) Channel error: cannot send/recv


###!!! [Parent][MessageChannel] Error: (msgtype=0x390146,name=PContent::Msg_AsyncMessage) Channel error: cannot send/recv


###!!! [Parent][MessageChannel] Error: (msgtype=0x390146,name=PContent::Msg_AsyncMessage) Channel error: cannot send/recv


###!!! [Parent][MessageChannel] Error: (msgtype=0x390146,name=PContent::Msg_AsyncMessage) Channel error: cannot send/recv


###!!! [Parent][MessageChannel] Error: (msgtype=0x390146,name=PContent::Msg_AsyncMessage) Channel error: cannot send/recv


###!!! [Parent][MessageChannel] Error: (msgtype=0x390146,name=PContent::Msg_AsyncMessage) Channel error: cannot send/recv


###!!! [Parent][MessageChannel] Error: (msgtype=0x390146,name=PContent::Msg_AsyncMessage) Channel error: cannot send/recv


###!!! [Parent][MessageChannel] Error: (msgtype=0x390146,name=PContent::Msg_AsyncMessage) Channel error: cannot send/recv


###!!! [Parent][MessageChannel] Error: (msgtype=0x390146,name=PContent::Msg_AsyncMessage) Channel error: cannot send/recv


###!!! [Parent][MessageChannel] Error: (msgtype=0x390146,name=PContent::Msg_AsyncMessage) Channel error: cannot send/recv


###!!! [Parent][MessageChannel] Error: (msgtype=0x390146,name=PContent::Msg_AsyncMessage) Channel error: cannot send/recv


###!!! [Parent][MessageChannel] Error: (msgtype=0x390146,name=PContent::Msg_AsyncMessage) Channel error: cannot send/recv


###!!! [Parent][MessageChannel] Error: (msgtype=0x390146,name=PContent::Msg_AsyncMessage) Channel error: cannot send/recv


###!!! [Parent][MessageChannel] Error: (msgtype=0x390146,name=PContent::Msg_AsyncMessage) Channel error: cannot send/recv


###!!! [Parent][MessageChannel] Error: (msgtype=0x390146,name=PContent::Msg_AsyncMessage) Channel error: cannot send/recv


###!!! [Parent][MessageChannel] Error: (msgtype=0x390146,name=PContent::Msg_AsyncMessage) Channel error: cannot send/recv


###!!! [Parent][MessageChannel] Error: (msgtype=0x390146,name=PContent::Msg_AsyncMessage) Channel error: cannot send/recv

[Parent 6048, IPC I/O Par
###!!! [Parent][MessageChannel] Error: (msgtype=0x390146,name=PContent::Msg_AsyncMessage) Channel error: cannot send/recv

ent] WARNING: pipe error: 232: file /builds/worker/checkouts/gecko/ipc/chromium/src/chrome/common/ipc_channel_win.cc:544
A content process crashed and MOZ_CRASHREPORTER_SHUTDOWN is set, shutting down

###!!! [Parent][MessageChannel] Error: (msgtype=0x39002B,name=PContent::Msg_PreferenceUpdate) Channel error: cannot send/recv


###!!! [Parent][MessageChannel] Error: (msgtype=0x39003E,name=PContent::Msg_UpdateSharedData) Channel error: cannot send/recv


###!!! [Parent][MessageChannel] Error: (msgtype=0x39003E,name=PContent::Msg_UpdateSharedData) Channel error: cannot send/recv


###!!! [Parent][MessageChannel] Error: (msgtype=0x39003E,name=PContent::Msg_UpdateSharedData) Channel error: cannot send/recv

Marionette threw an error: TypeError: can't access property "getActor", browsingContext.currentWindowGlobal is null
getMarionetteCommandsActorProxy/get/<@chrome://marionette/content/actors/MarionetteCommandsParent.jsm:324:29

JavaScript error: resource:///modules/sessionstore/SessionStore.jsm, line 2123: TypeError: subject.QueryInterface is not a function
[Parent 6048, IPC I/O Parent] WARNING: file /builds/worker/checkouts/gecko/ipc/chromium/src/base/process_util_win.cc:167
1625818756562	geckodriver	INFO	Listening on 127.0.0.1:50289
1625818759591	mozrunner::runner	INFO	Running command: "C:\\Program Files\\Firefox Developer Edition\\firefox.exe" "--marionette" "-foreground" "-no-remote" "-profile" "C:\\Users\\trendy\\AppData\\Local\\Temp\\rust_mozprofiler7vh0z"
1625818760349	Marionette	INFO	Marionette enabled
console.warn: SearchSettings: "get: No settings file exists, new profile?" (new NotFoundError("Could not open the file at C:\\Users\\trendy\\AppData\\Local\\Temp\\rust_mozprofiler7vh0z\\search.json.mozlz4", (void 0)))
1625818765503	Marionette	INFO	Listening on port 54523
1625818765859	Marionette	WARN	TLS certificate errors will be ignored for this session
1625818879410	geckodriver	INFO	Listening on 127.0.0.1:52257
1625818882436	mozrunner::runner	INFO	Running command: "C:\\Program Files\\Firefox Developer Edition\\firefox.exe" "--marionette" "-foreground" "-no-remote" "-profile" "C:\\Users\\trendy\\AppData\\Local\\Temp\\rust_mozprofileHr2VjQ"
1625818883388	Marionette	INFO	Marionette enabled
console.warn: SearchSettings: "get: No settings file exists, new profile?" (new NotFoundError("Could not open the file at C:\\Users\\trendy\\AppData\\Local\\Temp\\rust_mozprofileHr2VjQ\\search.json.mozlz4", (void 0)))
1625818890301	Marionette	INFO	Listening on port 56969
1625818891493	Marionette	WARN	TLS certificate errors will be ignored for this session
JavaScript error: resource://gre/modules/XULStore.jsm, line 66: Error: Can't find profile directory.
JavaScript error: resource://gre/modules/XULStore.jsm, line 66: Error: Can't find profile directory.
1625818920760	Marionette	INFO	Stopped listening on port 56969
1625819682603	geckodriver	INFO	Listening on 127.0.0.1:60195
1625819685633	mozrunner::runner	INFO	Running command: "C:\\Program Files\\Firefox Developer Edition\\firefox.exe" "--marionette" "-foreground" "-no-remote" "-profile" "C:\\Users\\trendy\\AppData\\Local\\Temp\\rust_mozprofileBdXV7O"
1625819686282	Marionette	INFO	Marionette enabled
console.warn: SearchSettings: "get: No settings file exists, new profile?" (new NotFoundError("Could not open the file at C:\\Users\\trendy\\AppData\\Local\\Temp\\rust_mozprofileBdXV7O\\search.json.mozlz4", (void 0)))
1625819692121	Marionette	INFO	Listening on port 49390
1625819692490	Marionette	WARN	TLS certificate errors will be ignored for this session
1625819718125	Marionette	INFO	Stopped listening on port 49390
1625819824291	geckodriver	INFO	Listening on 127.0.0.1:64454
1625819827313	mozrunner::runner	INFO	Running command: "C:\\Program Files\\Firefox Developer Edition\\firefox.exe" "--marionette" "-foreground" "-no-remote" "-profile" "C:\\Users\\trendy\\AppData\\Local\\Temp\\rust_mozprofiler9y0kv"
1625819827935	Marionette	INFO	Marionette enabled
console.warn: SearchSettings: "get: No settings file exists, new profile?" (new NotFoundError("Could not open the file at C:\\Users\\trendy\\AppData\\Local\\Temp\\rust_mozprofiler9y0kv\\search.json.mozlz4", (void 0)))
1625819833208	Marionette	INFO	Listening on port 57868
1625819833569	Marionette	WARN	TLS certificate errors will be ignored for this session
1625819868063	geckodriver	INFO	Listening on 127.0.0.1:64451
1625819871088	mozrunner::runner	INFO	Running command: "C:\\Program Files\\Firefox Developer Edition\\firefox.exe" "--marionette" "-foreground" "-no-remote" "-profile" "C:\\Users\\trendy\\AppData\\Local\\Temp\\rust_mozprofileloiQXj"
1625819871728	Marionette	INFO	Marionette enabled
console.warn: SearchSettings: "get: No settings file exists, new profile?" (new NotFoundError("Could not open the file at C:\\Users\\trendy\\AppData\\Local\\Temp\\rust_mozprofileloiQXj\\search.json.mozlz4", (void 0)))
1625819877910	Marionette	INFO	Listening on port 64462
1625819877960	Marionette	WARN	TLS certificate errors will be ignored for this session
1625819887454	Marionette	INFO	Stopped listening on port 64462
1625820186552	geckodriver	INFO	Listening on 127.0.0.1:60221
1625820189583	mozrunner::runner	INFO	Running command: "C:\\Program Files\\Firefox Developer Edition\\firefox.exe" "--marionette" "-foreground" "-no-remote" "-profile" "C:\\Users\\trendy\\AppData\\Local\\Temp\\rust_mozprofileXhqltU"
1625820190218	Marionette	INFO	Marionette enabled
console.warn: SearchSettings: "get: No settings file exists, new profile?" (new NotFoundError("Could not open the file at C:\\Users\\trendy\\AppData\\Local\\Temp\\rust_mozprofileXhqltU\\search.json.mozlz4", (void 0)))
1625820195495	Marionette	INFO	Listening on port 60229
1625820196230	Marionette	WARN	TLS certificate errors will be ignored for this session
JavaScript error: resource://gre/modules/XULStore.jsm, line 66: Error: Can't find profile directory.
JavaScript error: resource://gre/modules/XULStore.jsm, line 66: Error: Can't find profile directory.
1625820216011	Marionette	INFO	Stopped listening on port 60229

###!!! [Child][RunMessage] Error: Channel closing: too late to send/recv, messages will be lost

1625820610876	geckodriver	INFO	Listening on 127.0.0.1:59627
1625820613903	mozrunner::runner	INFO	Running command: "C:\\Program Files\\Firefox Developer Edition\\firefox.exe" "--marionette" "-foreground" "-no-remote" "-profile" "C:\\Users\\trendy\\AppData\\Local\\Temp\\rust_mozprofile3vVRBP"
1625820614560	Marionette	INFO	Marionette enabled
console.warn: SearchSettings: "get: No settings file exists, new profile?" (new NotFoundError("Could not open the file at C:\\Users\\trendy\\AppData\\Local\\Temp\\rust_mozprofile3vVRBP\\search.json.mozlz4", (void 0)))
1625820621222	Marionette	INFO	Listening on port 60296
1625820621273	Marionette	WARN	TLS certificate errors will be ignored for this session
console.error: Region.jsm: "Error fetching region" (new Error("TIMEOUT", "resource://gre/modules/Region.jsm", 772))
console.error: Region.jsm: "Failed to fetch region" (new Error("TIMEOUT", "resource://gre/modules/Region.jsm", 419))
JavaScript error: resource://gre/modules/XULStore.jsm, line 66: Error: Can't find profile directory.
JavaScript error: resource://gre/modules/XULStore.jsm, line 66: Error: Can't find profile directory.
1625820641174	Marionette	INFO	Stopped listening on port 60296
1626342005480	geckodriver	INFO	Listening on 127.0.0.1:51989
1626342007884	mozrunner::runner	INFO	Running command: "C:\\Program Files\\Firefox Developer Edition\\firefox.exe" "--marionette" "-foreground" "-no-remote" "-profile" "C:\\Users\\trendy\\AppData\\Local\\Temp\\rust_mozprofilewnLwwt"
1626342014005	Marionette	INFO	Marionette enabled
console.warn: SearchSettings: "get: No settings file exists, new profile?" (new NotFoundError("Could not open the file at C:\\Users\\trendy\\AppData\\Local\\Temp\\rust_mozprofilewnLwwt\\search.json.mozlz4", (void 0)))
1626342027823	Marionette	INFO	Listening on port 64361
1626342028226	Marionette	WARN	TLS certificate errors will be ignored for this session
JavaScript error: , line 0: uncaught exception: Object
JavaScript error: , line 0: uncaught exception: Object
JavaScript error: , line 0: uncaught exception: Object
1626342042143	Marionette	INFO	Stopped listening on port 64361
1626342063328	geckodriver	INFO	Listening on 127.0.0.1:64577
1626342066297	mozrunner::runner	INFO	Running command: "C:\\Program Files\\Firefox Developer Edition\\firefox.exe" "--marionette" "-foreground" "-no-remote" "-profile" "C:\\Users\\trendy\\AppData\\Local\\Temp\\rust_mozprofilemFhVhI"
1626342067076	Marionette	INFO	Marionette enabled
console.warn: SearchSettings: "get: No settings file exists, new profile?" (new NotFoundError("Could not open the file at C:\\Users\\trendy\\AppData\\Local\\Temp\\rust_mozprofilemFhVhI\\search.json.mozlz4", (void 0)))
1626342072251	Marionette	INFO	Listening on port 64585
1626342072577	Marionette	WARN	TLS certificate errors will be ignored for this session
JavaScript error: , line 0: uncaught exception: Object
JavaScript error: , line 0: uncaught exception: Object
JavaScript error: , line 0: uncaught exception: Object
1626342084259	Marionette	INFO	Stopped listening on port 64585
JavaScript error: resource://gre/modules/UrlClassifierListManager.jsm, line 691: TypeError: can't access property "provider", this.tablesData[table] is undefined
1626397350487	geckodriver	INFO	Listening on 127.0.0.1:53670
1626397353084	mozrunner::runner	INFO	Running command: "C:\\Program Files\\Firefox Developer Edition\\firefox.exe" "--marionette" "-foreground" "-no-remote" "-profile" "C:\\Users\\trendy\\AppData\\Local\\Temp\\rust_mozprofileweFLDV"
1626397354111	Marionette	INFO	Marionette enabled
console.warn: SearchSettings: "get: No settings file exists, new profile?" (new NotFoundError("Could not open the file at C:\\Users\\trendy\\AppData\\Local\\Temp\\rust_mozprofileweFLDV\\search.json.mozlz4", (void 0)))
1626397359647	Marionette	INFO	Listening on port 53678
1626397359992	Marionette	WARN	TLS certificate errors will be ignored for this session
console.error: Region.jsm: "Error fetching region" (new Error("TIMEOUT", "resource://gre/modules/Region.jsm", 772))
console.error: Region.jsm: "Failed to fetch region" (new Error("TIMEOUT", "resource://gre/modules/Region.jsm", 419))
JavaScript error: , line 0: uncaught exception: Object
JavaScript error: , line 0: uncaught exception: Object
JavaScript error: , line 0: uncaught exception: Object
1626397371095	Marionette	INFO	Stopped listening on port 53678
1626397669024	geckodriver	INFO	Listening on 127.0.0.1:63602
1626397672045	mozrunner::runner	INFO	Running command: "C:\\Program Files\\Firefox Developer Edition\\firefox.exe" "--marionette" "-foreground" "-no-remote" "-profile" "C:\\Users\\trendy\\AppData\\Local\\Temp\\rust_mozprofilepS8jSp"
1626397672723	Marionette	INFO	Marionette enabled
console.warn: SearchSettings: "get: No settings file exists, new profile?" (new NotFoundError("Could not open the file at C:\\Users\\trendy\\AppData\\Local\\Temp\\rust_mozprofilepS8jSp\\search.json.mozlz4", (void 0)))
1626397678021	Marionette	INFO	Listening on port 63610
1626397678320	Marionette	WARN	TLS certificate errors will be ignored for this session
1626397685769	Marionette	INFO	Stopped listening on port 63610

###!!! [Child][MessageChannel] Error: (msgtype=0x59000C,name=PHttpChannel::Msg___delete__) Channel closing: too late to send/recv, messages will be lost


###!!! [Child][MessageChannel] Error: (msgtype=0x690023,name=PNecko::Msg_RemoveRequestContext) Channel closing: too late to send/recv, messages will be lost


###!!! [Child][RunMessage] Error: Channel closing: too late to send/recv, messages will be lost


###!!! [Child][MessageChannel] Error: (msgtype=0x690023,name=PNecko::Msg_RemoveRequestContext) Channel closing: too late to send/recv, messages will be lost


###!!! [Child][MessageChannel] Error: (msgtype=0x690023,name=PNecko::Msg_RemoveRequestContext) Channel closing: too late to send/recv, messages will be lost

JavaScript error: , line 0: uncaught exception: Object
JavaScript error: , line 0: uncaught exception: Object
JavaScript error: , line 0: uncaught exception: Object

###!!! [Child][RunMessage] Error: Channel closing: too late to send/recv, messages will be lost


###!!! [Parent][MessageChannel] Error: (msgtype=0x390079,name=PContent::Msg_DestroyBrowsingContextGroup) Closed channel: cannot send/recv

JavaScript error: resource://gre/modules/Sqlite.jsm, line 1030: Error: Sqlite.jsm has been shutdown. Cannot open connection to: C:\Users\trendy\AppData\Local\Temp\rust_mozprofilepS8jSp\protections.sqlite
1626398052968	geckodriver	INFO	Listening on 127.0.0.1:54543
1626398055994	mozrunner::runner	INFO	Running command: "C:\\Program Files\\Firefox Developer Edition\\firefox.exe" "--marionette" "-foreground" "-no-remote" "-profile" "C:\\Users\\trendy\\AppData\\Local\\Temp\\rust_mozprofilexel2Ub"
1626398056611	Marionette	INFO	Marionette enabled
console.warn: SearchSettings: "get: No settings file exists, new profile?" (new NotFoundError("Could not open the file at C:\\Users\\trendy\\AppData\\Local\\Temp\\rust_mozprofilexel2Ub\\search.json.mozlz4", (void 0)))
1626398061899	Marionette	INFO	Listening on port 54551
1626398062271	Marionette	WARN	TLS certificate errors will be ignored for this session
1626398069678	Marionette	INFO	Stopped listening on port 54551

###!!! [Child][MessageChannel] Error: (msgtype=0x590008,name=PHttpChannel::Msg_DeletingChannel) Channel closing: too late to send/recv, messages will be lost


###!!! [Child][MessageChannel] Error: (msgtype=0x690014,name=PNecko::Msg_PredLearn) Channel closing: too late to send/recv, messages will be lost


###!!! [Child][RunMessage] Error: Channel closing: too late to send/recv, messages will be lost


###!!! [Child][MessageChannel] Error: (msgtype=0x690014,name=PNecko::Msg_PredLearn) Channel closing: too late to send/recv, messages will be lost


###!!! [Child][RunMessage] Error: Channel closing: too late to send/recv, messages will be lost


###!!! [Child][MessageChannel] Error: (msgtype=0x690014,name=PNecko::Msg_PredLearn) Channel closing: too late to send/recv, messages will be lost


###!!! [Child][RunMessage] Error: Channel closing: too late to send/recv, messages will be lost


###!!! [Child][RunMessage] Error: Channel closing: too late to send/recv, messages will be lost


###!!! [Child][RunMessage] Error: Channel closing: too late to send/recv, messages will be lost


###!!! [Child][RunMessage] Error: Channel closing: too late to send/recv, messages will be lost


###!!! [Child][RunMessage] Error: Channel closing: too late to send/recv, messages will be lost


###!!! [Child][RunMessage] Error: Channel closing: too late to send/recv, messages will be lost


###!!! [Child][RunMessage] Error: Channel closing: too late to send/recv, messages will be lost


###!!! [Child][RunMessage] Error: Channel closing: too late to send/recv, messages will be lost


###!!! [Child][RunMessage] Error: Channel closing: too late to send/recv, messages will be lost


###!!! [Child][RunMessage] Error: Channel closing: too late to send/recv, messages will be lost


###!!! [Child][RunMessage] Error: Channel closing: too late to send/recv, messages will be lost


###!!! [Child][RunMessage] Error: Channel closing: too late to send/recv, messages will be lost


###!!! [Child][RunMessage] Error: Channel closing: too late to send/recv, messages will be lost


###!!! [Child][RunMessage] Error: Channel closing: too late to send/recv, messages will be lost


###!!! [Child][RunMessage] Error: Channel closing: too late to send/recv, messages will be lost


###!!! [Child][RunMessage] Error: Channel closing: too late to send/recv, messages will be lost


###!!! [Child][RunMessage] Error: Channel closing: too late to send/recv, messages will be lost


###!!! [Child][RunMessage] Error: Channel closing: too late to send/recv, messages will be lost


###!!! [Parent][MessageChannel] Error: (msgtype=0x390079,name=PContent::Msg_DestroyBrowsingContextGroup) Closed channel: cannot send/recv

JavaScript error: resource://gre/modules/Sqlite.jsm, line 1030: Error: Sqlite.jsm has been shutdown. Cannot open connection to: C:\Users\trendy\AppData\Local\Temp\rust_mozprofilexel2Ub\protections.sqlite
1626398683516	geckodriver	INFO	Listening on 127.0.0.1:52375
1626398686533	mozrunner::runner	INFO	Running command: "C:\\Program Files\\Firefox Developer Edition\\firefox.exe" "--marionette" "-foreground" "-no-remote" "-profile" "C:\\Users\\trendy\\AppData\\Local\\Temp\\rust_mozprofilewRfV08"
1626398687554	Marionette	INFO	Marionette enabled
console.warn: SearchSettings: "get: No settings file exists, new profile?" (new NotFoundError("Could not open the file at C:\\Users\\trendy\\AppData\\Local\\Temp\\rust_mozprofilewRfV08\\search.json.mozlz4", (void 0)))
1626398693761	Marionette	INFO	Listening on port 58866
1626398693988	Marionette	WARN	TLS certificate errors will be ignored for this session
JavaScript error: , line 0: uncaught exception: Object
JavaScript error: , line 0: uncaught exception: Object
JavaScript error: , line 0: uncaught exception: Object
1626398704892	Marionette	INFO	Stopped listening on port 58866

###!!! [Child][MessageChannel] Error: (msgtype=0x390115,name=PContent::Msg_AccumulateChildHistograms) Channel closing: too late to send/recv, messages will be lost


###!!! [Child][MessageChannel] Error: (msgtype=0x39011A,name=PContent::Msg_RecordDiscardedData) Channel closing: too late to send/recv, messages will be lost

